<?xml version="1.0" encoding="UTF-8"?>
<!-- Generated by org.testng.reporters.JUnitReportReporter -->
<testsuite hostname="Richis-Laptop" failures="0" tests="2" name="frameworkImplemention.RegistrationPageTestNG" time="17.647" errors="0" timestamp="2021-07-14T09:40:26 BDT" skipped="0">
  <testcase classname="frameworkImplemention.RegistrationPageTestNG" name="testStepsFunction1" time="13.192"/>
  <system-out/>
  <testcase classname="frameworkImplemention.RegistrationPageTestNG" name="testStepsFunction2" time="4.455"/>
  <system-out/>
</testsuite> <!-- frameworkImplemention.RegistrationPageTestNG -->
