<?xml version="1.0" encoding="UTF-8"?>
<!-- Generated by org.testng.reporters.JUnitReportReporter -->
<testsuite hostname="Richis-Laptop" failures="0" tests="2" name="frameworkImplemention.OrderAnItemTestNG" time="49.934" errors="0" timestamp="2021-07-14T21:06:51 BDT" skipped="0">
  <testcase classname="frameworkImplemention.OrderAnItemTestNG" name="testStepsFunction1" time="6.083"/>
  <system-out/>
  <testcase classname="frameworkImplemention.OrderAnItemTestNG" name="testStepsFunction2" time="43.851"/>
  <system-out/>
</testsuite> <!-- frameworkImplemention.OrderAnItemTestNG -->
