<?xml version="1.0" encoding="UTF-8"?>
<!-- Generated by org.testng.reporters.JUnitReportReporter -->
<testsuite hostname="Richis-Laptop" failures="0" tests="1" name="frameworkImplemention.LoginPageTestNG" time="16.067" errors="0" timestamp="2021-07-15T20:15:01 BDT" skipped="0">
  <testcase classname="frameworkImplemention.LoginPageTestNG" name="testStepsFunction" time="16.067"/>
  <system-out/>
</testsuite> <!-- frameworkImplemention.LoginPageTestNG -->
