<?xml version="1.0" encoding="UTF-8"?>
<!-- Generated by org.testng.reporters.JUnitReportReporter -->
<testsuite hostname="Richis-Laptop" failures="0" tests="1" name="frameworkImplemention.ViewOrderTestNG" time="33.062" errors="0" timestamp="2021-07-14T16:24:21 BDT" skipped="0">
  <testcase classname="frameworkImplemention.ViewOrderTestNG" name="testStepsFunction" time="33.062"/>
  <system-out/>
</testsuite> <!-- frameworkImplemention.ViewOrderTestNG -->
